<?xml version="1.0" encoding="UTF-8"?>
<!-- Generated by org.testng.reporters.JUnitReportReporter -->
<testsuite hostname="LAPTOP-6UBAU2B3" failures="0" tests="1" name="Library_API_Dynamic_Parameterization.StaticPayloadInexternalJsonfile" time="2.499" errors="0" timestamp="2023-07-24T23:23:36 IST" skipped="0">
  <testcase classname="Library_API_Dynamic_Parameterization.StaticPayloadInexternalJsonfile" name="addBook" time="2.499"/>
  <system-out/>
</testsuite> <!-- Library_API_Dynamic_Parameterization.StaticPayloadInexternalJsonfile -->
