<?xml version="1.0" encoding="UTF-8"?>
<!-- Generated by org.testng.reporters.JUnitReportReporter -->
<testsuite hostname="LAPTOP-6UBAU2B3" failures="0" tests="1" name="pojoserialization.AddPlaceGooglemap" time="1.245" errors="0" timestamp="2023-07-30T17:02:15 IST" skipped="0">
  <testcase classname="pojoserialization.AddPlaceGooglemap" name="addPlace" time="1.245"/>
  <system-out/>
</testsuite> <!-- pojoserialization.AddPlaceGooglemap -->
