<?xml version="1.0" encoding="UTF-8"?>
<!-- Generated by org.testng.reporters.JUnitReportReporter -->
<testsuite hostname="LAPTOP-6UBAU2B3" failures="0" tests="1" name="POJO.ResapiUsersDeserialization" time="2.066" errors="0" timestamp="2023-07-25T13:27:46 IST" skipped="0">
  <testcase classname="POJO.ResapiUsersDeserialization" name="validateResUserresponse" time="2.066"/>
  <system-out/>
</testsuite> <!-- POJO.ResapiUsersDeserialization -->
