<?xml version="1.0" encoding="UTF-8"?>
<!-- Generated by org.testng.reporters.JUnitReportReporter -->
<testsuite hostname="LAPTOP-6UBAU2B3" failures="0" tests="6" name="Library_API_Dynamic_Parameterization.DynamicJson" time="3.801" errors="0" timestamp="2023-07-24T23:10:43 IST" skipped="0">
  <testcase classname="Library_API_Dynamic_Parameterization.DynamicJson" name="deleteBook" time="0.071"/>
  <system-out/>
  <testcase classname="Library_API_Dynamic_Parameterization.DynamicJson" name="deleteBook" time="0.066"/>
  <system-out/>
  <testcase classname="Library_API_Dynamic_Parameterization.DynamicJson" name="addmultipleBook" time="2.728"/>
  <system-out/>
  <testcase classname="Library_API_Dynamic_Parameterization.DynamicJson" name="addmultipleBook" time="0.447"/>
  <system-out/>
  <testcase classname="Library_API_Dynamic_Parameterization.DynamicJson" name="addmultipleBook" time="0.150"/>
  <system-out/>
  <testcase classname="Library_API_Dynamic_Parameterization.DynamicJson" name="deleteBook" time="0.339"/>
  <system-out/>
</testsuite> <!-- Library_API_Dynamic_Parameterization.DynamicJson -->
