<?xml version="1.0" encoding="UTF-8"?>
<!-- Generated by org.testng.reporters.JUnitReportReporter -->
<testsuite hostname="LAPTOP-6UBAU2B3" failures="0" tests="1" name="Library_API_Excel.AddLibrary" time="1.553" errors="0" timestamp="2023-08-05T15:58:30 IST" skipped="0">
  <testcase classname="Library_API_Excel.AddLibrary" name="addLibraryByHashMap" time="1.553"/>
  <system-out/>
</testsuite> <!-- Library_API_Excel.AddLibrary -->
